1523592948768	geckodriver	INFO	Listening on 127.0.0.1:56137
1523592949967	geckodriver::marionette	INFO	Starting browser /usr/bin/firefox with args ["-marionette"]
1523592957304	Marionette	INFO	Enabled via --marionette
1523592963712	Marionette	INFO	Listening on port 41460
1523592964032	Marionette	WARN	TLS certificate errors will be ignored for this session
1523592968265	geckodriver	INFO	Listening on 127.0.0.1:37461
1523592969348	geckodriver::marionette	INFO	Starting browser /usr/bin/firefox with args ["-marionette"]
*** UTM:SVC TimerManager:registerTimer called after profile-before-change notification. Ignoring timer registration for id: telemetry_modules_ping
1523592970924	Marionette	INFO	Enabled via --marionette
1523592973742	Marionette	INFO	Listening on port 33595
1523592973812	Marionette	WARN	TLS certificate errors will be ignored for this session
*** UTM:SVC TimerManager:registerTimer called after profile-before-change notification. Ignoring timer registration for id: telemetry_modules_ping
1523592981514	geckodriver	INFO	Listening on 127.0.0.1:55142
1523593002115	geckodriver	INFO	Listening on 127.0.0.1:45388
1523593003192	geckodriver::marionette	INFO	Starting browser /usr/bin/firefox with args ["-marionette"]
1523593004034	Marionette	INFO	Enabled via --marionette
1523593006874	Marionette	INFO	Listening on port 46099
1523593006914	Marionette	WARN	TLS certificate errors will be ignored for this session

###!!! [Child][RunMessage] Error: Channel closing: too late to send/recv, messages will be lost


###!!! [Child][RunMessage] Error: Channel closing: too late to send/recv, messages will be lost

[Parent 13162, Gecko_IOThread] WARNING: pipe error (121): Connection reset by peer: file /build/firefox-BgGWsI/firefox-59.0.2+build1/ipc/chromium/src/chrome/common/ipc_channel_posix.cc, line 353
*** UTM:SVC TimerManager:registerTimer called after profile-before-change notification. Ignoring timer registration for id: telemetry_modules_ping
1523593175597	geckodriver	INFO	Listening on 127.0.0.1:51469
1523593176736	geckodriver::marionette	INFO	Starting browser /usr/bin/firefox with args ["-marionette"]
1523593177632	Marionette	INFO	Enabled via --marionette
1523593180668	Marionette	INFO	Listening on port 40949
1523593180756	Marionette	WARN	TLS certificate errors will be ignored for this session
1523593181506	addons.xpi	WARN	Exception running bootstrap method shutdown on activity-stream@mozilla.org: [Exception... "Component returned failure code: 0x80004005 (NS_ERROR_FAILURE) [nsIObserverService.removeObserver]"  nsresult: "0x80004005 (NS_ERROR_FAILURE)"  location: "JS frame :: resource://activity-stream/lib/SnippetsFeed.jsm :: uninit :: line 125"  data: no] Stack trace: uninit()@resource://activity-stream/lib/SnippetsFeed.jsm:125 < onAction()@resource://activity-stream/lib/SnippetsFeed.jsm:141 < _middleware/</<()@resource://activity-stream/lib/Store.jsm:51 < Store/this[method]()@resource://activity-stream/lib/Store.jsm:30 < uninit()@resource://activity-stream/lib/Store.jsm:153 < uninit()@resource://activity-stream/lib/ActivityStream.jsm:274 < uninit()@resource://gre/modules/addons/XPIProvider.jsm -> jar:file:///usr/lib/firefox/browser/features/activity-stream@mozilla.org.xpi!/bootstrap.js:80 < shutdown()@resource://gre/modules/addons/XPIProvider.jsm -> jar:file:///usr/lib/firefox/browser/features/activity-stream@mozilla.org.xpi!/bootstrap.js:196 < callBootstrapMethod()@resource://gre/modules/addons/XPIProvider.jsm:4419 < observe()@resource://gre/modules/addons/XPIProvider.jsm:2279
JavaScript error: resource://shield-recipe-client/lib/ShieldRecipeClient.jsm, line 70: TypeError: log is undefined
console.error: PushService: 
  clearOriginData: Error clearing origin data:
  UnknownError
console.error: PushService: 
  stateChangeProcessEnqueue: Error transitioning state
  UnknownError
*** UTM:SVC TimerManager:registerTimer called after profile-before-change notification. Ignoring timer registration for id: telemetry_modules_ping
1523593230384	geckodriver	INFO	Listening on 127.0.0.1:36481
1523593231468	geckodriver::marionette	INFO	Starting browser /usr/bin/firefox with args ["-marionette"]
1523593232182	Marionette	INFO	Enabled via --marionette
1523593234810	Marionette	INFO	Listening on port 41930
1523593234880	Marionette	WARN	TLS certificate errors will be ignored for this session
1523593235528	addons.xpi	WARN	Exception running bootstrap method shutdown on activity-stream@mozilla.org: [Exception... "Component returned failure code: 0x80004005 (NS_ERROR_FAILURE) [nsIObserverService.removeObserver]"  nsresult: "0x80004005 (NS_ERROR_FAILURE)"  location: "JS frame :: resource://activity-stream/lib/SnippetsFeed.jsm :: uninit :: line 125"  data: no] Stack trace: uninit()@resource://activity-stream/lib/SnippetsFeed.jsm:125 < onAction()@resource://activity-stream/lib/SnippetsFeed.jsm:141 < _middleware/</<()@resource://activity-stream/lib/Store.jsm:51 < Store/this[method]()@resource://activity-stream/lib/Store.jsm:30 < uninit()@resource://activity-stream/lib/Store.jsm:153 < uninit()@resource://activity-stream/lib/ActivityStream.jsm:274 < uninit()@resource://gre/modules/addons/XPIProvider.jsm -> jar:file:///usr/lib/firefox/browser/features/activity-stream@mozilla.org.xpi!/bootstrap.js:80 < shutdown()@resource://gre/modules/addons/XPIProvider.jsm -> jar:file:///usr/lib/firefox/browser/features/activity-stream@mozilla.org.xpi!/bootstrap.js:196 < callBootstrapMethod()@resource://gre/modules/addons/XPIProvider.jsm:4419 < observe()@resource://gre/modules/addons/XPIProvider.jsm:2279
JavaScript error: resource://shield-recipe-client/lib/ShieldRecipeClient.jsm, line 70: TypeError: log is undefined
console.error: PushService: 
  clearOriginData: Error clearing origin data:
  UnknownError
console.error: PushService: 
  stateChangeProcessEnqueue: Error transitioning state
  UnknownError
*** UTM:SVC TimerManager:registerTimer called after profile-before-change notification. Ignoring timer registration for id: telemetry_modules_ping
1523593405036	geckodriver	INFO	Listening on 127.0.0.1:48662
1523593406164	geckodriver::marionette	INFO	Starting browser /usr/bin/firefox with args ["-marionette"]
1523593407162	Marionette	INFO	Enabled via --marionette
1523593409962	Marionette	INFO	Listening on port 43197
1523593409994	Marionette	WARN	TLS certificate errors will be ignored for this session
1523593436518	addons.productaddons	WARN	Failed downloading via XHR, status: 0, reason: error
*** UTM:SVC TimerManager:registerTimer called after profile-before-change notification. Ignoring timer registration for id: telemetry_modules_ping
1523593470592	geckodriver	INFO	Listening on 127.0.0.1:33937
1523593471683	geckodriver::marionette	INFO	Starting browser /usr/bin/firefox with args ["-marionette"]
1523593472402	Marionette	INFO	Enabled via --marionette
1523593475090	Marionette	INFO	Listening on port 44496
1523593475106	Marionette	WARN	TLS certificate errors will be ignored for this session
*** UTM:SVC TimerManager:registerTimer called after profile-before-change notification. Ignoring timer registration for id: telemetry_modules_ping
1523595720724	geckodriver	INFO	Listening on 127.0.0.1:33901
1523595721799	geckodriver::marionette	INFO	Starting browser /usr/bin/firefox with args ["-marionette"]
1523595722808	Marionette	INFO	Enabled via --marionette
1523595725238	Marionette	INFO	Listening on port 43405
1523595725316	Marionette	WARN	TLS certificate errors will be ignored for this session

###!!! [Parent][DispatchAsyncMessage] Error: PClientSourceOp::Msg___delete__ Route error: message sent to unknown actor ID


###!!! [Child][RunMessage] Error: Channel closing: too late to send/recv, messages will be lost

[Child 19353, Chrome_ChildThread] WARNING: pipe error (3): Connection reset by peer: file /build/firefox-BgGWsI/firefox-59.0.2+build1/ipc/chromium/src/chrome/common/ipc_channel_posix.cc, line 353

###!!! [Child][RunMessage] Error: Channel closing: too late to send/recv, messages will be lost


###!!! [Child][RunMessage] Error: Channel closing: too late to send/recv, messages will be lost


###!!! [Child][RunMessage] Error: Channel closing: too late to send/recv, messages will be lost

[Parent 19278, Gecko_IOThread] WARNING: pipe error (142): Connection reset by peer: file /build/firefox-BgGWsI/firefox-59.0.2+build1/ipc/chromium/src/chrome/common/ipc_channel_posix.cc, line 353
*** UTM:SVC TimerManager:registerTimer called after profile-before-change notification. Ignoring timer registration for id: telemetry_modules_ping
1523595780559	geckodriver	INFO	Listening on 127.0.0.1:47636
1523595781636	geckodriver::marionette	INFO	Starting browser /usr/bin/firefox with args ["-marionette"]
1523595782264	Marionette	INFO	Enabled via --marionette
1523595784756	Marionette	INFO	Listening on port 36174
1523595784870	Marionette	WARN	TLS certificate errors will be ignored for this session
*** UTM:SVC TimerManager:registerTimer called after profile-before-change notification. Ignoring timer registration for id: telemetry_modules_ping
1523595884896	geckodriver	INFO	Listening on 127.0.0.1:34611
1523595886008	geckodriver::marionette	INFO	Starting browser /usr/bin/firefox with args ["-marionette"]
1523595886934	Marionette	INFO	Enabled via --marionette
1523595889404	Marionette	INFO	Listening on port 43809
1523595889420	Marionette	WARN	TLS certificate errors will be ignored for this session

###!!! [Parent][DispatchAsyncMessage] Error: PClientSourceOp::Msg___delete__ Route error: message sent to unknown actor ID

[Parent 20523, Gecko_IOThread] WARNING: pipe error (37): Connection reset by peer: file /build/firefox-BgGWsI/firefox-59.0.2+build1/ipc/chromium/src/chrome/common/ipc_channel_posix.cc, line 353
*** UTM:SVC TimerManager:registerTimer called after profile-before-change notification. Ignoring timer registration for id: telemetry_modules_ping
1523596722185	geckodriver	INFO	Listening on 127.0.0.1:39523
1523596723273	geckodriver::marionette	INFO	Starting browser /usr/bin/firefox with args ["-marionette"]
1523596723924	Marionette	INFO	Enabled via --marionette
1523596726930	Marionette	INFO	Listening on port 46629
1523596727004	Marionette	WARN	TLS certificate errors will be ignored for this session
JavaScript error: https://s.ytimg.com/yts/jsbin/spf-vflRfjT3b/spf.js, line 17: NS_ERROR_NOT_INITIALIZED: 
JavaScript error: https://s.ytimg.com/yts/jsbin/spf-vflRfjT3b/spf.js, line 17: NS_ERROR_NOT_INITIALIZED: 

###!!! [Child][RunMessage] Error: Channel closing: too late to send/recv, messages will be lost


###!!! [Child][RunMessage] Error: Channel closing: too late to send/recv, messages will be lost

*** UTM:SVC TimerManager:registerTimer called after profile-before-change notification. Ignoring timer registration for id: telemetry_modules_ping
1523596791748	geckodriver	INFO	Listening on 127.0.0.1:37171
1523596792832	geckodriver::marionette	INFO	Starting browser /usr/bin/firefox with args ["-marionette"]
1523596793562	Marionette	INFO	Enabled via --marionette
1523596796352	Marionette	INFO	Listening on port 46289
1523596796444	Marionette	WARN	TLS certificate errors will be ignored for this session
*** UTM:SVC TimerManager:registerTimer called after profile-before-change notification. Ignoring timer registration for id: telemetry_modules_ping
1523604708118	geckodriver	INFO	Listening on 127.0.0.1:52203
1523604709195	geckodriver::marionette	INFO	Starting browser /usr/bin/firefox with args ["-marionette"]
1523604710002	Marionette	INFO	Enabled via --marionette
1523604712446	Marionette	INFO	Listening on port 45166
1523604712512	Marionette	WARN	TLS certificate errors will be ignored for this session

###!!! [Parent][DispatchAsyncMessage] Error: PClientSourceOp::Msg___delete__ Route error: message sent to unknown actor ID

*** UTM:SVC TimerManager:registerTimer called after profile-before-change notification. Ignoring timer registration for id: telemetry_modules_ping
1523604962045	geckodriver	INFO	Listening on 127.0.0.1:59685
1523604963121	geckodriver::marionette	INFO	Starting browser /usr/bin/firefox with args ["-marionette"]
1523604963930	Marionette	INFO	Enabled via --marionette
1523604966216	Marionette	INFO	Listening on port 32822
1523604966240	Marionette	WARN	TLS certificate errors will be ignored for this session

###!!! [Parent][DispatchAsyncMessage] Error: PClientSourceOp::Msg___delete__ Route error: message sent to unknown actor ID

[Parent 8412, Gecko_IOThread] WARNING: pipe error (149): Connection reset by peer: file /build/firefox-BgGWsI/firefox-59.0.2+build1/ipc/chromium/src/chrome/common/ipc_channel_posix.cc, line 353
*** UTM:SVC TimerManager:registerTimer called after profile-before-change notification. Ignoring timer registration for id: telemetry_modules_ping
